# JRE version: Java(TM) SE Runtime Environment (8.0_05-b13) (build 1.8.0_05-b13)
# Java VM: Java HotSpot(TM) Server VM (25.5-b02 mixed mode linux-x86 )
Heap:
 PSYoungGen      total 103936K, used 11005K [0x91ac0000, 0x9ba80000, 0xa7000000)
  eden space 92928K, 0% used [0x91ac0000,0x91ac0000,0x97580000)
  from space 11008K, 99% used [0x97580000,0x9803f498,0x98040000)
  to   space 15360K, 0% used [0x9ab80000,0x9ab80000,0x9ba80000)
 ParOldGen       total 37376K, used 30944K [0x67000000, 0x69480000, 0x91ac0000)
  object space 37376K, 82% used [0x67000000,0x68e38078,0x69480000)
 Metaspace       used 23915K, capacity 24556K, committed 24576K, reserved 24880K
GC Heap History (10 events):
Event: 6.543 GC heap after
Heap after GC invocations=12 (full 1):
 PSYoungGen      total 55808K, used 0K [0x91ac0000, 0x97540000, 0xa7000000)
  eden space 48896K, 0% used [0x91ac0000,0x91ac0000,0x94a80000)
  from space 6912K, 0% used [0x94a80000,0x94a80000,0x95140000)
  to   space 7168K, 0% used [0x96e40000,0x96e40000,0x97540000)
 ParOldGen       total 37376K, used 11341K [0x67000000, 0x69480000, 0x91ac0000)
  object space 37376K, 30% used [0x67000000,0x67b135a8,0x69480000)
 Metaspace       used 16161K, capacity 16379K, committed 16384K, reserved 16688K
}
Event: 7.488 GC heap before
{Heap before GC invocations=13 (full 1):
 PSYoungGen      total 55808K, used 48896K [0x91ac0000, 0x97540000, 0xa7000000)
  eden space 48896K, 100% used [0x91ac0000,0x94a80000,0x94a80000)
  from space 6912K, 0% used [0x94a80000,0x94a80000,0x95140000)
  to   space 7168K, 0% used [0x96e40000,0x96e40000,0x97540000)
 ParOldGen       total 37376K, used 11341K [0x67000000, 0x69480000, 0x91ac0000)
  object space 37376K, 30% used [0x67000000,0x67b135a8,0x69480000)
 Metaspace       used 18691K, capacity 19011K, committed 19072K, reserved 19760K
Event: 7.509 GC heap after
Heap after GC invocations=13 (full 1):
 PSYoungGen      total 73472K, used 6100K [0x91ac0000, 0x97440000, 0xa7000000)
  eden space 67328K, 0% used [0x91ac0000,0x91ac0000,0x95c80000)
  from space 6144K, 99% used [0x96e40000,0x97435130,0x97440000)
  to   space 7680K, 0% used [0x96540000,0x96540000,0x96cc0000)
 ParOldGen       total 37376K, used 11345K [0x67000000, 0x69480000, 0x91ac0000)
  object space 37376K, 30% used [0x67000000,0x67b145a8,0x69480000)
 Metaspace       used 18691K, capacity 19011K, committed 19072K, reserved 19760K
}
Event: 8.258 GC heap before
{Heap before GC invocations=14 (full 1):
 PSYoungGen      total 73472K, used 73428K [0x91ac0000, 0x97440000, 0xa7000000)
  eden space 67328K, 100% used [0x91ac0000,0x95c80000,0x95c80000)
  from space 6144K, 99% used [0x96e40000,0x97435130,0x97440000)
  to   space 7680K, 0% used [0x96540000,0x96540000,0x96cc0000)
 ParOldGen       total 37376K, used 11345K [0x67000000, 0x69480000, 0x91ac0000)
  object space 37376K, 30% used [0x67000000,0x67b145a8,0x69480000)
 Metaspace       used 20200K, capacity 20506K, committed 20608K, reserved 20784K
Event: 8.275 GC heap after
Heap after GC invocations=14 (full 1):
 PSYoungGen      total 83968K, used 7668K [0x91ac0000, 0x98a40000, 0xa7000000)
  eden space 76288K, 0% used [0x91ac0000,0x91ac0000,0x96540000)
  from space 7680K, 99% used [0x96540000,0x96cbd228,0x96cc0000)
  to   space 10240K, 0% used [0x98040000,0x98040000,0x98a40000)
 ParOldGen       total 37376K, used 15735K [0x67000000, 0x69480000, 0x91ac0000)
  object space 37376K, 42% used [0x67000000,0x67f5df58,0x69480000)
 Metaspace       used 20200K, capacity 20506K, committed 20608K, reserved 20784K
}
Event: 9.097 GC heap before
{Heap before GC invocations=15 (full 1):
 PSYoungGen      total 83968K, used 83956K [0x91ac0000, 0x98a40000, 0xa7000000)
  eden space 76288K, 100% used [0x91ac0000,0x96540000,0x96540000)
  from space 7680K, 99% used [0x96540000,0x96cbd228,0x96cc0000)
  to   space 10240K, 0% used [0x98040000,0x98040000,0x98a40000)
 ParOldGen       total 37376K, used 15735K [0x67000000, 0x69480000, 0x91ac0000)
  object space 37376K, 42% used [0x67000000,0x67f5df58,0x69480000)
 Metaspace       used 21675K, capacity 22056K, committed 22144K, reserved 22832K
Event: 9.125 GC heap after
Heap after GC invocations=15 (full 1):
 PSYoungGen      total 103168K, used 8739K [0x91ac0000, 0x99a40000, 0xa7000000)
  eden space 92928K, 0% used [0x91ac0000,0x91ac0000,0x97580000)
  from space 10240K, 85% used [0x98040000,0x988c8dd0,0x98a40000)
  to   space 11008K, 0% used [0x97580000,0x97580000,0x98040000)
 ParOldGen       total 37376K, used 23377K [0x67000000, 0x69480000, 0x91ac0000)
  object space 37376K, 62% used [0x67000000,0x686d4540,0x69480000)
 Metaspace       used 21675K, capacity 22056K, committed 22144K, reserved 22832K
}
Event: 10.384 GC heap before
{Heap before GC invocations=16 (full 1):
 PSYoungGen      total 103168K, used 101667K [0x91ac0000, 0x99a40000, 0xa7000000)
  eden space 92928K, 100% used [0x91ac0000,0x97580000,0x97580000)
  from space 10240K, 85% used [0x98040000,0x988c8dd0,0x98a40000)
  to   space 11008K, 0% used [0x97580000,0x97580000,0x98040000)
 ParOldGen       total 37376K, used 23377K [0x67000000, 0x69480000, 0x91ac0000)
  object space 37376K, 62% used [0x67000000,0x686d4540,0x69480000)
 Metaspace       used 23915K, capacity 24556K, committed 24576K, reserved 24880K
Event: 10.418 GC heap after
Heap after GC invocations=16 (full 1):
 PSYoungGen      total 103936K, used 11005K [0x91ac0000, 0x9ba80000, 0xa7000000)
  eden space 92928K, 0% used [0x91ac0000,0x91ac0000,0x97580000)
  from space 11008K, 99% used [0x97580000,0x9803f498,0x98040000)
  to   space 15360K, 0% used [0x9ab80000,0x9ab80000,0x9ba80000)
 ParOldGen       total 37376K, used 30944K [0x67000000, 0x69480000, 0x91ac0000)
  object space 37376K, 82% used [0x67000000,0x68e38078,0x69480000)
 Metaspace       used 23915K, capacity 24556K, committed 24576K, reserved 24880K
}
Event: 10.418 GC heap before
{Heap before GC invocations=17 (full 2):
 PSYoungGen      total 103936K, used 11005K [0x91ac0000, 0x9ba80000, 0xa7000000)
  eden space 92928K, 0% used [0x91ac0000,0x91ac0000,0x97580000)
  from space 11008K, 99% used [0x97580000,0x9803f498,0x98040000)
  to   space 15360K, 0% used [0x9ab80000,0x9ab80000,0x9ba80000)
 ParOldGen       total 37376K, used 30944K [0x67000000, 0x69480000, 0x91ac0000)
  object space 37376K, 82% used [0x67000000,0x68e38078,0x69480000)
 Metaspace       used 23915K, capacity 24556K, committed 24576K, reserved 24880K

