# JRE version: Java(TM) SE Runtime Environment (8.0_05-b13) (build 1.8.0_05-b13)
# Java VM: Java HotSpot(TM) Server VM (25.5-b02 mixed mode linux-x86 )
Heap:
 PSYoungGen      total 303872K, used 68538K [0x91ac0000, 0xa7000000, 0xa7000000)
  eden space 258304K, 26% used [0x91ac0000,0x95daeac8,0xa1700000)
  from space 45568K, 0% used [0xa1700000,0xa1700000,0xa4380000)
  to   space 44800K, 0% used [0xa4440000,0xa4440000,0xa7000000)
 ParOldGen       total 154368K, used 48664K [0x67000000, 0x706c0000, 0x91ac0000)
  object space 154368K, 31% used [0x67000000,0x69f86210,0x706c0000)
 Metaspace       used 33217K, capacity 34524K, committed 34560K, reserved 35120K
GC Heap History (10 events):
Event: 112.638 GC heap before
{Heap before GC invocations=20 (full 3):
 PSYoungGen      total 291072K, used 264960K [0x91ac0000, 0xa5380000, 0xa7000000)
  eden space 264960K, 100% used [0x91ac0000,0xa1d80000,0xa1d80000)
  from space 26112K, 0% used [0xa3a00000,0xa3a00000,0xa5380000)
  to   space 27648K, 0% used [0xa1d80000,0xa1d80000,0xa3880000)
 ParOldGen       total 89856K, used 50264K [0x67000000, 0x6c7c0000, 0x91ac0000)
  object space 89856K, 55% used [0x67000000,0x6a116300,0x6c7c0000)
 Metaspace       used 31673K, capacity 32842K, committed 32896K, reserved 33072K
Event: 112.692 GC heap after
Heap after GC invocations=20 (full 3):
 PSYoungGen      total 292608K, used 27632K [0x91ac0000, 0xa7000000, 0xa7000000)
  eden space 264960K, 0% used [0x91ac0000,0x91ac0000,0xa1d80000)
  from space 27648K, 99% used [0xa1d80000,0xa387c240,0xa3880000)
  to   space 32768K, 0% used [0xa5000000,0xa5000000,0xa7000000)
 ParOldGen       total 89856K, used 52282K [0x67000000, 0x6c7c0000, 0x91ac0000)
  object space 89856K, 58% used [0x67000000,0x6a30e840,0x6c7c0000)
 Metaspace       used 31673K, capacity 32842K, committed 32896K, reserved 33072K
}
Event: 116.361 GC heap before
{Heap before GC invocations=21 (full 3):
 PSYoungGen      total 292608K, used 292592K [0x91ac0000, 0xa7000000, 0xa7000000)
  eden space 264960K, 100% used [0x91ac0000,0xa1d80000,0xa1d80000)
  from space 27648K, 99% used [0xa1d80000,0xa387c240,0xa3880000)
  to   space 32768K, 0% used [0xa5000000,0xa5000000,0xa7000000)
 ParOldGen       total 89856K, used 52282K [0x67000000, 0x6c7c0000, 0x91ac0000)
  object space 89856K, 58% used [0x67000000,0x6a30e840,0x6c7c0000)
 Metaspace       used 31879K, capacity 33116K, committed 33152K, reserved 34096K
Event: 116.432 GC heap after
Heap after GC invocations=21 (full 3):
 PSYoungGen      total 291072K, used 32758K [0x91ac0000, 0xa7000000, 0xa7000000)
  eden space 258304K, 0% used [0x91ac0000,0x91ac0000,0xa1700000)
  from space 32768K, 99% used [0xa5000000,0xa6ffda60,0xa7000000)
  to   space 45568K, 0% used [0xa1700000,0xa1700000,0xa4380000)
 ParOldGen       total 89856K, used 71634K [0x67000000, 0x6c7c0000, 0x91ac0000)
  object space 89856K, 79% used [0x67000000,0x6b5f4880,0x6c7c0000)
 Metaspace       used 31879K, capacity 33116K, committed 33152K, reserved 34096K
}
Event: 116.432 GC heap before
{Heap before GC invocations=22 (full 4):
 PSYoungGen      total 291072K, used 32758K [0x91ac0000, 0xa7000000, 0xa7000000)
  eden space 258304K, 0% used [0x91ac0000,0x91ac0000,0xa1700000)
  from space 32768K, 99% used [0xa5000000,0xa6ffda60,0xa7000000)
  to   space 45568K, 0% used [0xa1700000,0xa1700000,0xa4380000)
 ParOldGen       total 89856K, used 71634K [0x67000000, 0x6c7c0000, 0x91ac0000)
  object space 89856K, 79% used [0x67000000,0x6b5f4880,0x6c7c0000)
 Metaspace       used 31879K, capacity 33116K, committed 33152K, reserved 34096K
Event: 116.737 GC heap after
Heap after GC invocations=22 (full 4):
 PSYoungGen      total 291072K, used 0K [0x91ac0000, 0xa7000000, 0xa7000000)
  eden space 258304K, 0% used [0x91ac0000,0x91ac0000,0xa1700000)
  from space 32768K, 0% used [0xa5000000,0xa5000000,0xa7000000)
  to   space 45568K, 0% used [0xa1700000,0xa1700000,0xa4380000)
 ParOldGen       total 154368K, used 82430K [0x67000000, 0x706c0000, 0x91ac0000)
  object space 154368K, 53% used [0x67000000,0x6c07fa10,0x706c0000)
 Metaspace       used 31879K, capacity 33116K, committed 33152K, reserved 34096K
}
Event: 199.665 GC heap before
{Heap before GC invocations=23 (full 4):
 PSYoungGen      total 291072K, used 204486K [0x91ac0000, 0xa7000000, 0xa7000000)
  eden space 258304K, 79% used [0x91ac0000,0x9e271880,0xa1700000)
  from space 32768K, 0% used [0xa5000000,0xa5000000,0xa7000000)
  to   space 45568K, 0% used [0xa1700000,0xa1700000,0xa4380000)
 ParOldGen       total 154368K, used 82430K [0x67000000, 0x706c0000, 0x91ac0000)
  object space 154368K, 53% used [0x67000000,0x6c07fa10,0x706c0000)
 Metaspace       used 33135K, capacity 34398K, committed 34432K, reserved 35120K
Event: 199.676 GC heap after
Heap after GC invocations=23 (full 4):
 PSYoungGen      total 303872K, used 4286K [0x91ac0000, 0xa7000000, 0xa7000000)
  eden space 258304K, 0% used [0x91ac0000,0x91ac0000,0xa1700000)
  from space 45568K, 9% used [0xa1700000,0xa1b2fb30,0xa4380000)
  to   space 44800K, 0% used [0xa4440000,0xa4440000,0xa7000000)
 ParOldGen       total 154368K, used 82434K [0x67000000, 0x706c0000, 0x91ac0000)
  object space 154368K, 53% used [0x67000000,0x6c080a10,0x706c0000)
 Metaspace       used 33135K, capacity 34398K, committed 34432K, reserved 35120K
}
Event: 199.676 GC heap before
{Heap before GC invocations=24 (full 5):
 PSYoungGen      total 303872K, used 4286K [0x91ac0000, 0xa7000000, 0xa7000000)
  eden space 258304K, 0% used [0x91ac0000,0x91ac0000,0xa1700000)
  from space 45568K, 9% used [0xa1700000,0xa1b2fb30,0xa4380000)
  to   space 44800K, 0% used [0xa4440000,0xa4440000,0xa7000000)
 ParOldGen       total 154368K, used 82434K [0x67000000, 0x706c0000, 0x91ac0000)
  object space 154368K, 53% used [0x67000000,0x6c080a10,0x706c0000)
 Metaspace       used 33135K, capacity 34398K, committed 34432K, reserved 35120K
Event: 199.936 GC heap after
Heap after GC invocations=24 (full 5):
 PSYoungGen      total 303872K, used 0K [0x91ac0000, 0xa7000000, 0xa7000000)
  eden space 258304K, 0% used [0x91ac0000,0x91ac0000,0xa1700000)
  from space 45568K, 0% used [0xa1700000,0xa1700000,0xa4380000)
  to   space 44800K, 0% used [0xa4440000,0xa4440000,0xa7000000)
 ParOldGen       total 154368K, used 48664K [0x67000000, 0x706c0000, 0x91ac0000)
  object space 154368K, 31% used [0x67000000,0x69f86210,0x706c0000)
 Metaspace       used 33135K, capacity 34398K, committed 34432K, reserved 35120K
}

