# JRE version: Java(TM) SE Runtime Environment (8.0_05-b13) (build 1.8.0_05-b13)
# Java VM: Java HotSpot(TM) Server VM (25.5-b02 mixed mode linux-x86 )
Heap:
 PSYoungGen      total 307712K, used 307697K [0x91cc0000, 0xa7200000, 0xa7200000)
  eden space 281856K, 100% used [0x91cc0000,0xa3000000,0xa3000000)
  from space 25856K, 99% used [0xa5600000,0xa6f3c6d0,0xa6f40000)
  to   space 33792K, 57% used [0xa3000000,0xa42ebf00,0xa5100000)
 ParOldGen       total 121856K, used 69773K [0x67200000, 0x6e900000, 0x91cc0000)
  object space 121856K, 57% used [0x67200000,0x6b623470,0x6e900000)
 Metaspace       used 35003K, capacity 36578K, committed 36608K, reserved 37168K
GC Heap History (10 events):
Event: 337.068 GC heap after
Heap after GC invocations=23 (full 4):
 PSYoungGen      total 297216K, used 10746K [0x91cc0000, 0xa6a80000, 0xa7200000)
  eden space 286464K, 0% used [0x91cc0000,0x91cc0000,0xa3480000)
  from space 10752K, 99% used [0xa3480000,0xa3efebc8,0xa3f00000)
  to   space 27648K, 0% used [0xa4f80000,0xa4f80000,0xa6a80000)
 ParOldGen       total 121856K, used 49732K [0x67200000, 0x6e900000, 0x91cc0000)
  object space 121856K, 40% used [0x67200000,0x6a291270,0x6e900000)
 Metaspace       used 33187K, capacity 34544K, committed 34560K, reserved 35120K
}
Event: 337.068 GC heap before
{Heap before GC invocations=24 (full 5):
 PSYoungGen      total 297216K, used 10746K [0x91cc0000, 0xa6a80000, 0xa7200000)
  eden space 286464K, 0% used [0x91cc0000,0x91cc0000,0xa3480000)
  from space 10752K, 99% used [0xa3480000,0xa3efebc8,0xa3f00000)
  to   space 27648K, 0% used [0xa4f80000,0xa4f80000,0xa6a80000)
 ParOldGen       total 121856K, used 49732K [0x67200000, 0x6e900000, 0x91cc0000)
  object space 121856K, 40% used [0x67200000,0x6a291270,0x6e900000)
 Metaspace       used 33187K, capacity 34544K, committed 34560K, reserved 35120K
Event: 337.519 GC heap after
Heap after GC invocations=24 (full 5):
 PSYoungGen      total 297216K, used 0K [0x91cc0000, 0xa6a80000, 0xa7200000)
  eden space 286464K, 0% used [0x91cc0000,0x91cc0000,0xa3480000)
  from space 10752K, 0% used [0xa3480000,0xa3480000,0xa3f00000)
  to   space 27648K, 0% used [0xa4f80000,0xa4f80000,0xa6a80000)
 ParOldGen       total 121856K, used 59704K [0x67200000, 0x6e900000, 0x91cc0000)
  object space 121856K, 48% used [0x67200000,0x6ac4e218,0x6e900000)
 Metaspace       used 33187K, capacity 34544K, committed 34560K, reserved 35120K
}
Event: 416.488 GC heap before
{Heap before GC invocations=25 (full 5):
 PSYoungGen      total 297216K, used 286464K [0x91cc0000, 0xa6a80000, 0xa7200000)
  eden space 286464K, 100% used [0x91cc0000,0xa3480000,0xa3480000)
  from space 10752K, 0% used [0xa3480000,0xa3480000,0xa3f00000)
  to   space 27648K, 0% used [0xa4f80000,0xa4f80000,0xa6a80000)
 ParOldGen       total 121856K, used 59704K [0x67200000, 0x6e900000, 0x91cc0000)
  object space 121856K, 48% used [0x67200000,0x6ac4e218,0x6e900000)
 Metaspace       used 33527K, capacity 34982K, committed 35072K, reserved 35120K
Event: 416.514 GC heap after
Heap after GC invocations=25 (full 5):
 PSYoungGen      total 314880K, used 6596K [0x91cc0000, 0xa7200000, 0xa7200000)
  eden space 287232K, 0% used [0x91cc0000,0x91cc0000,0xa3540000)
  from space 27648K, 23% used [0xa4f80000,0xa55f11d0,0xa6a80000)
  to   space 26880K, 0% used [0xa3540000,0xa3540000,0xa4f80000)
 ParOldGen       total 121856K, used 59708K [0x67200000, 0x6e900000, 0x91cc0000)
  object space 121856K, 48% used [0x67200000,0x6ac4f218,0x6e900000)
 Metaspace       used 33527K, capacity 34982K, committed 35072K, reserved 35120K
}
Event: 425.762 GC heap before
{Heap before GC invocations=26 (full 5):
 PSYoungGen      total 314880K, used 293828K [0x91cc0000, 0xa7200000, 0xa7200000)
  eden space 287232K, 100% used [0x91cc0000,0xa3540000,0xa3540000)
  from space 27648K, 23% used [0xa4f80000,0xa55f11d0,0xa6a80000)
  to   space 26880K, 0% used [0xa3540000,0xa3540000,0xa4f80000)
 ParOldGen       total 121856K, used 59708K [0x67200000, 0x6e900000, 0x91cc0000)
  object space 121856K, 48% used [0x67200000,0x6ac4f218,0x6e900000)
 Metaspace       used 33729K, capacity 35272K, committed 35328K, reserved 36144K
Event: 425.801 GC heap after
Heap after GC invocations=26 (full 5):
 PSYoungGen      total 314112K, used 12679K [0x91cc0000, 0xa6f40000, 0xa7200000)
  eden space 287232K, 0% used [0x91cc0000,0x91cc0000,0xa3540000)
  from space 26880K, 47% used [0xa3540000,0xa41a1fc0,0xa4f80000)
  to   space 25856K, 0% used [0xa5600000,0xa5600000,0xa6f40000)
 ParOldGen       total 121856K, used 59708K [0x67200000, 0x6e900000, 0x91cc0000)
  object space 121856K, 48% used [0x67200000,0x6ac4f218,0x6e900000)
 Metaspace       used 33729K, capacity 35272K, committed 35328K, reserved 36144K
}
Event: 428.903 GC heap before
{Heap before GC invocations=27 (full 5):
 PSYoungGen      total 314112K, used 299911K [0x91cc0000, 0xa6f40000, 0xa7200000)
  eden space 287232K, 100% used [0x91cc0000,0xa3540000,0xa3540000)
  from space 26880K, 47% used [0xa3540000,0xa41a1fc0,0xa4f80000)
  to   space 25856K, 0% used [0xa5600000,0xa5600000,0xa6f40000)
 ParOldGen       total 121856K, used 59708K [0x67200000, 0x6e900000, 0x91cc0000)
  object space 121856K, 48% used [0x67200000,0x6ac4f218,0x6e900000)
 Metaspace       used 33772K, capacity 35274K, committed 35328K, reserved 36144K
Event: 428.965 GC heap after
Heap after GC invocations=27 (full 5):
 PSYoungGen      total 307712K, used 25841K [0x91cc0000, 0xa7200000, 0xa7200000)
  eden space 281856K, 0% used [0x91cc0000,0x91cc0000,0xa3000000)
  from space 25856K, 99% used [0xa5600000,0xa6f3c6d0,0xa6f40000)
  to   space 33792K, 0% used [0xa3000000,0xa3000000,0xa5100000)
 ParOldGen       total 121856K, used 69773K [0x67200000, 0x6e900000, 0x91cc0000)
  object space 121856K, 57% used [0x67200000,0x6b623470,0x6e900000)
 Metaspace       used 33772K, capacity 35274K, committed 35328K, reserved 36144K
}
Event: 5473.148 GC heap before
{Heap before GC invocations=28 (full 5):
 PSYoungGen      total 307712K, used 307697K [0x91cc0000, 0xa7200000, 0xa7200000)
  eden space 281856K, 100% used [0x91cc0000,0xa3000000,0xa3000000)
  from space 25856K, 99% used [0xa5600000,0xa6f3c6d0,0xa6f40000)
  to   space 33792K, 0% used [0xa3000000,0xa3000000,0xa5100000)
 ParOldGen       total 121856K, used 69773K [0x67200000, 0x6e900000, 0x91cc0000)
  object space 121856K, 57% used [0x67200000,0x6b623470,0x6e900000)
 Metaspace       used 35003K, capacity 36578K, committed 36608K, reserved 37168K

