# JRE version: Java(TM) SE Runtime Environment (8.0_05-b13) (build 1.8.0_05-b13)
# Java VM: Java HotSpot(TM) Server VM (25.5-b02 mixed mode linux-x86 )
Heap:
 PSYoungGen      total 211456K, used 146868K [0x91ac0000, 0xa1680000, 0xa7000000)
  eden space 189696K, 69% used [0x91ac0000,0x99c4c640,0x9d400000)
  from space 21760K, 65% used [0x9d400000,0x9e1e0ac0,0x9e940000)
  to   space 22784K, 0% used [0xa0040000,0xa0040000,0xa1680000)
 ParOldGen       total 83200K, used 51472K [0x67000000, 0x6c140000, 0x91ac0000)
  object space 83200K, 61% used [0x67000000,0x6a2442a8,0x6c140000)
 Metaspace       used 34296K, capacity 35492K, committed 35584K, reserved 36144K
GC Heap History (10 events):
Event: 17.106 GC heap before
{Heap before GC invocations=22 (full 2):
 PSYoungGen      total 180224K, used 10992K [0x91ac0000, 0x9eac0000, 0xa7000000)
  eden space 169216K, 0% used [0x91ac0000,0x91ac0000,0x9c000000)
  from space 11008K, 99% used [0x9d140000,0x9dbfc180,0x9dc00000)
  to   space 17664K, 0% used [0x9c000000,0x9c000000,0x9d140000)
 ParOldGen       total 41984K, used 34304K [0x67000000, 0x69900000, 0x91ac0000)
  object space 41984K, 81% used [0x67000000,0x69180020,0x69900000)
 Metaspace       used 25142K, capacity 25579K, committed 25600K, reserved 25904K
Event: 17.329 GC heap after
Heap after GC invocations=22 (full 2):
 PSYoungGen      total 180224K, used 0K [0x91ac0000, 0x9eac0000, 0xa7000000)
  eden space 169216K, 0% used [0x91ac0000,0x91ac0000,0x9c000000)
  from space 11008K, 0% used [0x9d140000,0x9d140000,0x9dc00000)
  to   space 17664K, 0% used [0x9c000000,0x9c000000,0x9d140000)
 ParOldGen       total 83200K, used 37334K [0x67000000, 0x6c140000, 0x91ac0000)
  object space 83200K, 44% used [0x67000000,0x694758a8,0x6c140000)
 Metaspace       used 25109K, capacity 25539K, committed 25600K, reserved 25904K
}
Event: 19.932 GC heap before
{Heap before GC invocations=23 (full 2):
 PSYoungGen      total 180224K, used 169216K [0x91ac0000, 0x9eac0000, 0xa7000000)
  eden space 169216K, 100% used [0x91ac0000,0x9c000000,0x9c000000)
  from space 11008K, 0% used [0x9d140000,0x9d140000,0x9dc00000)
  to   space 17664K, 0% used [0x9c000000,0x9c000000,0x9d140000)
 ParOldGen       total 83200K, used 37334K [0x67000000, 0x6c140000, 0x91ac0000)
  object space 83200K, 44% used [0x67000000,0x694758a8,0x6c140000)
 Metaspace       used 26679K, capacity 27386K, committed 27520K, reserved 27952K
Event: 19.957 GC heap after
Heap after GC invocations=23 (full 2):
 PSYoungGen      total 186880K, used 9972K [0x91ac0000, 0x9fb00000, 0xa7000000)
  eden space 169216K, 0% used [0x91ac0000,0x91ac0000,0x9c000000)
  from space 17664K, 56% used [0x9c000000,0x9c9bd138,0x9d140000)
  to   space 18176K, 0% used [0x9e940000,0x9e940000,0x9fb00000)
 ParOldGen       total 83200K, used 37338K [0x67000000, 0x6c140000, 0x91ac0000)
  object space 83200K, 44% used [0x67000000,0x694768a8,0x6c140000)
 Metaspace       used 26679K, capacity 27386K, committed 27520K, reserved 27952K
}
Event: 21.416 GC heap before
{Heap before GC invocations=24 (full 2):
 PSYoungGen      total 186880K, used 116510K [0x91ac0000, 0x9fb00000, 0xa7000000)
  eden space 169216K, 62% used [0x91ac0000,0x982ca880,0x9c000000)
  from space 17664K, 56% used [0x9c000000,0x9c9bd138,0x9d140000)
  to   space 18176K, 0% used [0x9e940000,0x9e940000,0x9fb00000)
 ParOldGen       total 83200K, used 37338K [0x67000000, 0x6c140000, 0x91ac0000)
  object space 83200K, 44% used [0x67000000,0x694768a8,0x6c140000)
 Metaspace       used 28572K, capacity 29427K, committed 29440K, reserved 30000K
Event: 21.452 GC heap after
Heap after GC invocations=24 (full 2):
 PSYoungGen      total 207872K, used 18173K [0x91ac0000, 0xa0200000, 0xa7000000)
  eden space 189696K, 0% used [0x91ac0000,0x91ac0000,0x9d400000)
  from space 18176K, 99% used [0x9e940000,0x9faff468,0x9fb00000)
  to   space 21760K, 0% used [0x9d400000,0x9d400000,0x9e940000)
 ParOldGen       total 83200K, used 38478K [0x67000000, 0x6c140000, 0x91ac0000)
  object space 83200K, 46% used [0x67000000,0x69593a58,0x6c140000)
 Metaspace       used 28572K, capacity 29427K, committed 29440K, reserved 30000K
}
Event: 21.452 GC heap before
{Heap before GC invocations=25 (full 3):
 PSYoungGen      total 207872K, used 18173K [0x91ac0000, 0xa0200000, 0xa7000000)
  eden space 189696K, 0% used [0x91ac0000,0x91ac0000,0x9d400000)
  from space 18176K, 99% used [0x9e940000,0x9faff468,0x9fb00000)
  to   space 21760K, 0% used [0x9d400000,0x9d400000,0x9e940000)
 ParOldGen       total 83200K, used 38478K [0x67000000, 0x6c140000, 0x91ac0000)
  object space 83200K, 46% used [0x67000000,0x69593a58,0x6c140000)
 Metaspace       used 28572K, capacity 29427K, committed 29440K, reserved 30000K
Event: 21.794 GC heap after
Heap after GC invocations=25 (full 3):
 PSYoungGen      total 207872K, used 0K [0x91ac0000, 0xa0200000, 0xa7000000)
  eden space 189696K, 0% used [0x91ac0000,0x91ac0000,0x9d400000)
  from space 18176K, 0% used [0x9e940000,0x9e940000,0x9fb00000)
  to   space 21760K, 0% used [0x9d400000,0x9d400000,0x9e940000)
 ParOldGen       total 83200K, used 51468K [0x67000000, 0x6c140000, 0x91ac0000)
  object space 83200K, 61% used [0x67000000,0x6a2432a8,0x6c140000)
 Metaspace       used 28543K, capacity 29387K, committed 29440K, reserved 30000K
}
Event: 48.671 GC heap before
{Heap before GC invocations=26 (full 3):
 PSYoungGen      total 207872K, used 189696K [0x91ac0000, 0xa0200000, 0xa7000000)
  eden space 189696K, 100% used [0x91ac0000,0x9d400000,0x9d400000)
  from space 18176K, 0% used [0x9e940000,0x9e940000,0x9fb00000)
  to   space 21760K, 0% used [0x9d400000,0x9d400000,0x9e940000)
 ParOldGen       total 83200K, used 51468K [0x67000000, 0x6c140000, 0x91ac0000)
  object space 83200K, 61% used [0x67000000,0x6a2432a8,0x6c140000)
 Metaspace       used 30300K, capacity 31342K, committed 31360K, reserved 32048K
Event: 48.689 GC heap after
Heap after GC invocations=26 (full 3):
 PSYoungGen      total 211456K, used 14210K [0x91ac0000, 0xa1680000, 0xa7000000)
  eden space 189696K, 0% used [0x91ac0000,0x91ac0000,0x9d400000)
  from space 21760K, 65% used [0x9d400000,0x9e1e0ac0,0x9e940000)
  to   space 22784K, 0% used [0xa0040000,0xa0040000,0xa1680000)
 ParOldGen       total 83200K, used 51472K [0x67000000, 0x6c140000, 0x91ac0000)
  object space 83200K, 61% used [0x67000000,0x6a2442a8,0x6c140000)
 Metaspace       used 30300K, capacity 31342K, committed 31360K, reserved 32048K
}

